<?xml version="1.0" encoding="UTF-8"?>
<testsuite xmlns:xsi="http://www.w3.org/2001/XMLSchema-instance" xsi:noNamespaceSchemaLocation="https://maven.apache.org/surefire/maven-surefire-plugin/xsd/surefire-test-report-3.0.xsd" version="3.0" name="vehicles.VehiclePrototypeTest" time="0.019" tests="9" errors="0" skipped="0" failures="0">
  <properties>
[...]
</properties>
  <testcase name="testGas" classname="vehicles.VehiclePrototypeTest" time="0.005"/>
  <testcase name="testBrake" classname="vehicles.VehiclePrototypeTest" time="0"/>
  <testcase name="testMoveSouthAfterTwoTurns" classname="vehicles.VehiclePrototypeTest" time="0.001"/>
  <testcase name="testMoveEastAfterTurnRight" classname="vehicles.VehiclePrototypeTest" time="0.001"/>
  <testcase name="testTurnRight" classname="vehicles.VehiclePrototypeTest" time="0.001"/>
  <testcase name="testTurnLeft" classname="vehicles.VehiclePrototypeTest" time="0.002"/>
  <testcase name="testStartEngine" classname="vehicles.VehiclePrototypeTest" time="0.001"/>
  <testcase name="testMoveNorth" classname="vehicles.VehiclePrototypeTest" time="0"/>
  <testcase name="testStopEngine" classname="vehicles.VehiclePrototypeTest" time="0"/>
</testsuite>