<?xml version="1.0" encoding="UTF-8"?>
<testsuite xmlns:xsi="http://www.w3.org/2001/XMLSchema-instance" xsi:noNamespaceSchemaLocation="https://maven.apache.org/surefire/maven-surefire-plugin/xsd/surefire-test-report-3.0.xsd" version="3.0" name="model.workshops.CarWorkShopTest" time="0.006" tests="5" errors="0" skipped="0" failures="0">
  <properties>
[...]
</properties>
  <testcase name="testAddCarToWorkshop" classname="model.workshops.CarWorkShopTest" time="0.002">
    <system-out><![CDATA[ addCarToWorkshop(): Workshop can't take more cars.]]></system-out>
  </testcase>
  <testcase name="testRemoveCarFromWorkshop" classname="model.workshops.CarWorkShopTest" time="0.0">
    <system-out><![CDATA[ removeCarFromWorkshop() Car is not in the workshop.]]></system-out>
  </testcase>
  <testcase name="testCarAmount" classname="model.workshops.CarWorkShopTest" time="0.0"/>
  <testcase name="testMaxCarsCapacity" classname="model.workshops.CarWorkShopTest" time="0.0"/>
  <testcase name="testConstructor" classname="model.workshops.CarWorkShopTest" time="0.0"/>
</testsuite>